00:58:32.689 [TestNG-tests-1] INFO  resources.base - Restricted user
01:00:30.323 [TestNG-tests-1] INFO  resources.base - Driver is initialized
01:00:30.520 [TestNG-tests-3] INFO  resources.base - Driver is initialized
01:00:30.746 [TestNG-tests-2] INFO  resources.base - Driver is initialized
01:00:35.422 [TestNG-tests-2] INFO  resources.base - Navigated to homepage
01:00:35.706 [TestNG-tests-3] INFO  resources.base - Navigated to homepage
01:00:37.360 [TestNG-tests-3] INFO  resources.base - Verifiing text merssage
01:00:37.475 [TestNG-tests-2] INFO  resources.base - Validated if menu bar is present
01:00:39.431 [TestNG-tests-1] INFO  resources.base - Navigated to homepage
01:00:43.787 [TestNG-tests-1] INFO  resources.base - Non-restricted user
01:00:47.434 [TestNG-tests-1] INFO  resources.base - Navigated to homepage
01:00:48.375 [TestNG-tests-1] INFO  resources.base - Restricted user
01:03:50.996 [TestNG-tests-2] INFO  resources.base - Driver is initialized
01:03:50.996 [TestNG-tests-1] INFO  resources.base - Driver is initialized
01:03:50.996 [TestNG-tests-3] INFO  resources.base - Driver is initialized
01:03:59.672 [TestNG-tests-2] INFO  resources.base - Navigated to homepage
01:04:00.282 [TestNG-tests-1] INFO  resources.base - Navigated to homepage
01:04:01.317 [TestNG-tests-3] INFO  resources.base - Navigated to homepage
01:04:01.322 [TestNG-tests-3] INFO  resources.base - CHwcing sesond obe
01:04:01.433 [TestNG-tests-2] INFO  resources.base - Validated if menu bar is present
01:04:01.718 [TestNG-tests-3] INFO  resources.base - Learn Hot tools like Selenium, Appium, JMeter, SoapUI,Database Testing and more.. 1
01:04:01.875 [TestNG-tests-3] INFO  resources.base - Succeddfuly validated header text
01:04:01.877 [TestNG-tests-3] INFO  resources.base - Verifiing text merssage
01:04:05.420 [TestNG-tests-1] INFO  resources.base - Non-restricted user
01:04:10.484 [TestNG-tests-1] INFO  resources.base - Navigated to homepage
01:04:11.827 [TestNG-tests-1] INFO  resources.base - Restricted user
01:05:18.963 [TestNG-tests-1] INFO  resources.base - Driver is initialized
01:05:18.963 [TestNG-tests-3] INFO  resources.base - Driver is initialized
01:05:18.971 [TestNG-tests-2] INFO  resources.base - Driver is initialized
01:05:28.219 [TestNG-tests-2] INFO  resources.base - Navigated to homepage
01:05:28.440 [TestNG-tests-1] INFO  resources.base - Navigated to homepage
01:05:30.783 [TestNG-tests-2] INFO  resources.base - Validated if menu bar is present
01:05:31.761 [TestNG-tests-3] INFO  resources.base - Navigated to homepage
01:05:31.762 [TestNG-tests-3] INFO  resources.base - CHwcing sesond obe
01:05:32.910 [TestNG-tests-3] INFO  resources.base - Learn Hot tools like Selenium, Appium, JMeter, SoapUI,Database Testing and more.. 1
01:05:33.043 [TestNG-tests-1] INFO  resources.base - Non-restricted user
01:05:33.400 [TestNG-tests-3] INFO  resources.base - Succeddfuly validated header text
01:05:33.403 [TestNG-tests-3] INFO  resources.base - Verifiing text merssage
01:05:37.768 [TestNG-tests-1] INFO  resources.base - Navigated to homepage
01:05:39.215 [TestNG-tests-1] INFO  resources.base - Restricted user
01:06:38.302 [TestNG-tests-1] INFO  resources.base - Driver is initialized
01:06:38.302 [TestNG-tests-2] INFO  resources.base - Driver is initialized
01:06:38.521 [TestNG-tests-3] INFO  resources.base - Driver is initialized
01:06:48.135 [TestNG-tests-2] INFO  resources.base - Navigated to homepage
01:06:49.146 [TestNG-tests-3] INFO  resources.base - Navigated to homepage
01:06:49.148 [TestNG-tests-3] INFO  resources.base - CHwcing sesond obe
01:06:49.823 [TestNG-tests-2] INFO  resources.base - Validated if menu bar is present
01:06:50.272 [TestNG-tests-1] INFO  resources.base - Navigated to homepage
01:06:50.857 [TestNG-tests-3] INFO  resources.base - Verifiing text merssage
01:06:53.912 [TestNG-tests-1] INFO  resources.base - Non-restricted user
01:06:57.981 [TestNG-tests-1] INFO  resources.base - Navigated to homepage
01:06:59.276 [TestNG-tests-1] INFO  resources.base - Restricted user
01:08:41.528 [TestNG-tests-2] INFO  resources.base - Driver is initialized
01:08:41.528 [TestNG-tests-3] INFO  resources.base - Driver is initialized
01:08:41.992 [TestNG-tests-1] INFO  resources.base - Driver is initialized
01:08:51.709 [TestNG-tests-1] INFO  resources.base - Navigated to homepage
01:08:52.029 [TestNG-tests-2] INFO  resources.base - Navigated to homepage
01:08:52.111 [TestNG-tests-3] INFO  resources.base - Navigated to homepage
01:08:52.113 [TestNG-tests-3] INFO  resources.base - CHwcing sesond obe
01:08:53.040 [TestNG-tests-3] INFO  resources.base - Learn Hot tools like Selenium, Appium, JMeter, SoapUI,Database Testing and more.. 1
01:08:53.575 [TestNG-tests-2] INFO  resources.base - Validated if menu bar is present
01:08:53.858 [TestNG-tests-3] INFO  resources.base - Succeddfuly validated header text
01:08:53.860 [TestNG-tests-3] INFO  resources.base - Verifiing text merssage
